<?xml version="1.0" encoding="UTF-8"?>
<!-- Generated by org.testng.reporters.JUnitXMLReporter -->
<testsuite hostname="DEV10" name="Command line test" tests="5" failures="2" timestamp="25 Apr 2019 20:22:40 GMT" time="0.018" errors="0">
  <testcase name="testDivison3" time="0.002" classname="TestNGmavenexemple.CalculatorTest"/>
  <testcase name="testSum" time="0.0" classname="TestNGmavenexemple.CalculatorTest"/>
  <testcase name="IsOver16" time="0.001" classname="TestNGmavenexemple.ProgramTest"/>
  <testcase name="createMessageTest" time="0.0" classname="TestNGmavenexemple.ProgramTest">
    <failure type="java.lang.AssertionError" message="expected [Hello World] but found [Hello World ]">
      <![CDATA[java.lang.AssertionError: expected [Hello World] but found [Hello World ]
	at TestNGmavenexemple.ProgramTest.createMessageTest(ProgramTest.java:12)
	at org.apache.maven.surefire.testng.TestNGExecutor.run(TestNGExecutor.java:77)
	at org.apache.maven.surefire.testng.TestNGDirectoryTestSuite.executeMulti(TestNGDirectoryTestSuite.java:159)
	at org.apache.maven.surefire.testng.TestNGDirectoryTestSuite.execute(TestNGDirectoryTestSuite.java:99)
	at org.apache.maven.surefire.testng.TestNGProvider.invoke(TestNGProvider.java:106)
	at org.apache.maven.surefire.util.ReflectionUtils.invokeMethodWithArray(ReflectionUtils.java:189)
	at org.apache.maven.surefire.booter.ProviderFactory$ProviderProxy.invoke(ProviderFactory.java:165)
	at org.apache.maven.surefire.booter.ProviderFactory.invokeProvider(ProviderFactory.java:85)
	at org.apache.maven.surefire.booter.ForkedBooter.runSuitesInProcess(ForkedBooter.java:115)
	at org.apache.maven.surefire.booter.ForkedBooter.main(ForkedBooter.java:75)
... Removed 30 stack frames]]>
    </failure>
  </testcase> <!-- createMessageTest -->
  <testcase name="testConcat" time="0.001" classname="TestNGmavenexemple.ProgramTest">
    <failure type="java.lang.AssertionError" message="expected [Hello World] but found [HelloWorld]">
      <![CDATA[java.lang.AssertionError: expected [Hello World] but found [HelloWorld]
	at TestNGmavenexemple.ProgramTest.testConcat(ProgramTest.java:25)
	at org.apache.maven.surefire.testng.TestNGExecutor.run(TestNGExecutor.java:77)
	at org.apache.maven.surefire.testng.TestNGDirectoryTestSuite.executeMulti(TestNGDirectoryTestSuite.java:159)
	at org.apache.maven.surefire.testng.TestNGDirectoryTestSuite.execute(TestNGDirectoryTestSuite.java:99)
	at org.apache.maven.surefire.testng.TestNGProvider.invoke(TestNGProvider.java:106)
	at org.apache.maven.surefire.util.ReflectionUtils.invokeMethodWithArray(ReflectionUtils.java:189)
	at org.apache.maven.surefire.booter.ProviderFactory$ProviderProxy.invoke(ProviderFactory.java:165)
	at org.apache.maven.surefire.booter.ProviderFactory.invokeProvider(ProviderFactory.java:85)
	at org.apache.maven.surefire.booter.ForkedBooter.runSuitesInProcess(ForkedBooter.java:115)
	at org.apache.maven.surefire.booter.ForkedBooter.main(ForkedBooter.java:75)
... Removed 30 stack frames]]>
    </failure>
  </testcase> <!-- testConcat -->
</testsuite> <!-- Command line test -->
